0 info it worked if it ends with ok
1 verbose cli [ '/home/daniele/local/node-v6.10.0-linux-x64/bin/node',
1 verbose cli   '/home/daniele/local/node-v6.10.0-linux-x64/bin/npm',
1 verbose cli   'run',
1 verbose cli   'android' ]
2 info using npm@3.10.10
3 info using node@v6.10.0
4 verbose stack Error: ENOENT: no such file or directory, open '/home/daniele/Documents/SUPSI/4onse/git/4onse-doc2/ws/package.json'
4 verbose stack     at Error (native)
5 verbose cwd /home/daniele/Documents/SUPSI/4onse/git/4onse-doc2/ws
6 error Linux 4.10.0-40-generic
7 error argv "/home/daniele/local/node-v6.10.0-linux-x64/bin/node" "/home/daniele/local/node-v6.10.0-linux-x64/bin/npm" "run" "android"
8 error node v6.10.0
9 error npm  v3.10.10
10 error path /home/daniele/Documents/SUPSI/4onse/git/4onse-doc2/ws/package.json
11 error code ENOENT
12 error errno -2
13 error syscall open
14 error enoent ENOENT: no such file or directory, open '/home/daniele/Documents/SUPSI/4onse/git/4onse-doc2/ws/package.json'
15 error enoent ENOENT: no such file or directory, open '/home/daniele/Documents/SUPSI/4onse/git/4onse-doc2/ws/package.json'
15 error enoent This is most likely not a problem with npm itself
15 error enoent and is related to npm not being able to find a file.
16 verbose exit [ -2, true ]
